Arguments: 
  C:\Coding Shit\Javacript Shit\Node Shit\node.exe C:\Users\Juan_jr\AppData\Roaming\npm\node_modules\yarn\bin\yarn.js install

PATH: 
  C:\Program Files\Common Files\Oracle\Java\javapath;C:\WINDOWS\system32;C:\WINDOWS;C:\WINDOWS\System32\Wbem;C:\WINDOWS\System32\WindowsPowerShell\v1.0\;C:\Coding Shit\myPrograms\Batch Files;C:\WINDOWS\System32\OpenSSH\;C:\Coding Shit\myPrograms\Personal Projects\customGame;C:\Coding Shit\Javacript Shit\Node Shit\;C:\Coding Shit\myPrograms\ATBS Chapter 6 (2);C:\Users\Juan_jr\Desktop\Coding Shit\myPrograms\project Chime;C:\Program Files (x86)\NVIDIA Corporation\PhysX\Common;C:\Program Files\NVIDIA Corporation\NVIDIA NvDLISR;C:\Program Files\Git\cmd;C:\Program Files\Java\jdk-18.0.2\bin;C:\Coding Shit\php shit\php-8.1.10;C:\Coding Shit\Python Shit\Scripts\;C:\Coding Shit\Python Shit\;C:\Users\Juan_jr\AppData\Local\Microsoft\WindowsApps;C:\Users\Juan_jr\AppData\Roaming\npm;C:\Program Files\mongosh\;C:\Program Files\heroku\bin;C:\Coding Shit\vsCodeStuff\Microsoft VS Code\bin

Yarn version: 
  1.22.19

Node version: 
  14.16.0

Platform: 
  win32 x64

Trace: 
  SyntaxError: C:\Users\Juan_jr\AppData\Local\Yarn\Cache\v6\npm-content-disposition-0.5.4-8b82b4efac82512a02bb0b1dcec9d2c5e8eb5bfe-integrity\node_modules\content-disposition\.yarn-metadata.json: Unexpected end of JSON input
      at JSON.parse (<anonymous>)
      at C:\Users\Juan_jr\AppData\Roaming\npm\node_modules\yarn\lib\cli.js:1629:59
      at Generator.next (<anonymous>)
      at step (C:\Users\Juan_jr\AppData\Roaming\npm\node_modules\yarn\lib\cli.js:310:30)
      at C:\Users\Juan_jr\AppData\Roaming\npm\node_modules\yarn\lib\cli.js:321:13

npm manifest: 
  {
    "name": "mernapp",
    "version": "1.0.0",
    "description": "",
    "main": "server.js",
    "scripts": {
      "test": "echo \"Error: no test specified\" && exit 1",
      "build": "cd client && npm run build",
      "install-client": "cd client && npm install",
      "heroku-postbuild": "npm run install-client && npm run build",
      "start": "node server.js",
      "client": "cd client && npm start",
      "dev": "concurrently -n 'server,client' -c 'red,green'  \"nodemon server.js\" \"npm run client\""
    },
    "keywords": [],
    "author": "",
    "license": "ISC",
    "dependencies": {
      "axios": "^0.27.2",
      "colors": "^1.4.0",
      "dotenv": "^16.0.3",
      "express": "^4.18.1",
      "mongoose": "^5.13.15",
      "morgan": "^1.10.0",
      "react": "^18.2.0",
      "react-dom": "^18.2.0",
      "react-scripts": "^5.0.1"
    },
    "devDependencies": {
      "concurrently": "^5.3.0",
      "nodemon": "^2.0.20"
    }
  }

yarn manifest: 
  No manifest

Lockfile: 
  No lockfile
